2024-01-24 12:26:50,770 - root - INFO - Starting download.py
2024-01-24 12:26:50,770 - root - INFO - Getting playlist for 20110422
2024-01-24 12:26:50,777 - my_app.toptastic_api - INFO - Playlist for date 20110422 containing 100 records retrieved from the db.
2024-01-24 12:26:52,807 - root - INFO - File already downloaded: KQ6zr6kCPj8.mp4
2024-01-24 12:26:54,397 - root - INFO - File already downloaded: t4H_Zoh7G5A.mp4
2024-01-24 12:26:56,375 - root - INFO - File already downloaded: t5Sd5c4o9UM.mp4
2024-01-24 12:26:57,774 - root - INFO - File already downloaded: AZe6uPY3MCs.mp4
2024-01-24 12:26:59,192 - root - INFO - File already downloaded: OrTyD7rjBpw.mp4
2024-01-24 12:27:01,107 - root - INFO - File already downloaded: hLQl3WQQoQ0.mp4
2024-01-24 12:27:03,177 - root - INFO - File already downloaded: KdS6HFQ_LUc.mp4
2024-01-24 12:27:04,949 - root - INFO - File already downloaded: e2oRqyn7ToQ.mp4
2024-01-24 12:27:06,768 - root - INFO - File already downloaded: yfYBiVAzo9s.mp4
2024-01-24 12:27:08,571 - root - INFO - File already downloaded: z4nKOzk8qbw.mp4
2024-01-24 12:27:10,650 - root - INFO - File already downloaded: UePtoxDhJSw.mp4
2024-01-24 12:27:12,201 - root - INFO - File already downloaded: qMxX-QOV9tI.mp4
2024-01-24 12:27:14,101 - root - INFO - File already downloaded: UBhdIcb84Hw.mp4
2024-01-24 12:27:15,660 - root - INFO - File already downloaded: wagn8Wrmzuc.mp4
2024-01-24 12:27:17,515 - root - INFO - File already downloaded: HAfFfqiYLp0.mp4
2024-01-24 12:27:18,833 - root - INFO - File already downloaded: AIYpdjQVidc.mp4
2024-01-24 12:27:20,823 - root - INFO - File already downloaded: wV1FrqwZyKw.mp4
2024-01-24 12:27:22,842 - root - INFO - File already downloaded: SR6iYWJxHqs.mp4
2024-01-24 12:27:24,178 - root - INFO - File already downloaded: oES929aenGc.mp4
2024-01-24 12:27:26,090 - root - INFO - File already downloaded: VA770wpLX-Q.mp4
2024-01-24 12:27:28,008 - root - INFO - File already downloaded: 3mC2ixOAivA.mp4
2024-01-24 12:27:29,446 - root - INFO - File already downloaded: aNzCDt2eidg.mp4
2024-01-24 12:27:31,314 - root - INFO - File already downloaded: XvGHtcjQZec.mp4
2024-01-24 12:27:34,380 - root - INFO - File already downloaded: YGQGbMdOqgQ.mp4
2024-01-24 12:27:35,812 - root - INFO - File already downloaded: j6SSTMpIRFI.mp4
2024-01-24 12:27:37,674 - root - INFO - File already downloaded: JWj8aaD1utA.mp4
2024-01-24 12:27:39,589 - root - INFO - File already downloaded: LnET4RKXx5k.mp4
2024-01-24 12:27:40,989 - root - INFO - File already downloaded: h1vYbHHhqYE.mp4
2024-01-24 12:27:42,840 - root - INFO - File already downloaded: EAc4zHEDd7o.mp4
2024-01-24 12:27:44,162 - root - INFO - File already downloaded: voB9nsiFOTg.mp4
2024-01-24 12:27:45,593 - root - INFO - File already downloaded: tlnMVb2XVVk.mp4
2024-01-24 12:27:47,050 - root - INFO - File already downloaded: CFWX0hWCbng.mp4
2024-01-24 12:27:48,438 - root - INFO - File already downloaded: mCHzicKq3W4.mp4
2024-01-24 12:27:50,638 - root - ERROR - Error downloading video: ocDlOD1Hw9k is age restricted, and can't be accessed without logging in.
2024-01-24 12:27:52,627 - root - INFO - File already downloaded: pOf3kYtwASo.mp4
2024-01-24 12:27:54,047 - root - INFO - File already downloaded: xiXCpP-B7bU.mp4
2024-01-24 12:27:55,991 - root - INFO - File already downloaded: AaXaig_43lU.mp4
2024-01-24 12:27:58,083 - root - INFO - File already downloaded: avd-ME0sFrs.mp4
2024-01-24 12:27:59,510 - root - INFO - File already downloaded: 6dKEAuWLk3g.mp4
2024-01-24 12:28:01,389 - root - INFO - File already downloaded: v-FWDsXUCes.mp4
2024-01-24 12:28:03,444 - root - INFO - File already downloaded: QGJuMBdaqIw.mp4
2024-01-24 12:28:05,274 - root - INFO - File already downloaded: ti1W7Zu8j9k.mp4
2024-01-24 12:28:07,254 - root - INFO - File already downloaded: tKrq8QUOIXc.mp4
2024-01-24 12:28:08,855 - root - INFO - File already downloaded: mXvmSaE0JXA.mp4
2024-01-24 12:28:10,632 - root - INFO - File already downloaded: f6txNpPopEM.mp4
2024-01-24 12:28:13,143 - root - INFO - File already downloaded: LDtYkOrV4-E.mp4
2024-01-24 12:28:14,884 - root - INFO - File already downloaded: 4qNcyUQDkEI.mp4
2024-01-24 12:28:16,225 - root - INFO - File already downloaded: bKxodgpyGec.mp4
2024-01-24 12:28:17,658 - root - INFO - File already downloaded: nFZP8zQ5kzk.mp4
2024-01-24 12:28:19,124 - root - INFO - File already downloaded: hTgnDLWeeaM.mp4
2024-01-24 12:28:20,865 - root - INFO - File already downloaded: k-ImCpNqbJw.mp4
2024-01-24 12:28:22,326 - root - INFO - File already downloaded: pa14VNsdSYM.mp4
2024-01-24 12:28:24,302 - root - INFO - File already downloaded: qJcBWDCBldY.mp4
2024-01-24 12:28:27,116 - root - INFO - File already downloaded: kbpqZT_56Ns.mp4
2024-01-24 12:28:28,633 - root - INFO - File already downloaded: LjhCEhWiKXk.mp4
2024-01-24 12:28:30,335 - root - INFO - File already downloaded: h3cE9iXIx9c.mp4
2024-01-24 12:28:32,104 - root - INFO - File already downloaded: 0put0_a--Ng.mp4
2024-01-24 12:28:33,967 - root - INFO - File already downloaded: AIOAlaACuv4.mp4
2024-01-24 12:28:35,794 - root - INFO - File already downloaded: SqK8w-bMmHw.mp4
2024-01-24 12:28:37,707 - root - INFO - File already downloaded: AhScao7XbAY.mp4
2024-01-24 12:28:39,643 - root - INFO - File already downloaded: U0CGsw6h60k.mp4
2024-01-24 12:28:41,072 - root - INFO - File already downloaded: w4s6H4ku6ZY.mp4
2024-01-24 12:28:42,537 - root - INFO - File already downloaded: auHy2QSo044.mp4
2024-01-24 12:28:43,982 - root - INFO - File already downloaded: 2NNQxN448Tk.mp4
2024-01-24 12:28:45,612 - root - INFO - File already downloaded: zYpDJw7fThU.mp4
2024-01-24 12:28:47,060 - root - INFO - File already downloaded: JwQZQygg3Lk.mp4
2024-01-24 12:28:48,697 - root - INFO - File already downloaded: jauthmokKWk.mp4
2024-01-24 12:28:50,177 - root - INFO - File already downloaded: 8gyLR4NfMiI.mp4
2024-01-24 12:28:51,819 - root - INFO - File already downloaded: _wmD3M-BfVo.mp4
2024-01-24 12:28:53,339 - root - INFO - File already downloaded: -6tHw4yIDok.mp4
2024-01-24 12:28:55,370 - root - INFO - File already downloaded: 26jKtELitQE.mp4
2024-01-24 12:28:57,309 - root - INFO - File already downloaded: kfVsfOSbJY0.mp4
2024-01-24 12:28:59,129 - root - INFO - File already downloaded: gOgpdp3lP8M.mp4
2024-01-24 12:29:00,797 - root - INFO - File already downloaded: va6HH5KTQyo.mp4
2024-01-24 12:29:03,316 - root - INFO - File already downloaded: Ks3_kuRAzHs.mp4
2024-01-24 12:29:04,696 - root - INFO - File already downloaded: BvsfGhEqnXE.mp4
2024-01-24 12:29:06,653 - root - INFO - File already downloaded: MCivYv4HqiI.mp4
2024-01-24 12:29:09,338 - root - INFO - File already downloaded: uQKjI6395iU.mp4
2024-01-24 12:29:11,167 - root - INFO - File already downloaded: herLMUn2-U0.mp4
2024-01-24 12:29:12,945 - root - INFO - File already downloaded: 5Gt0mD4Kpmg.mp4
2024-01-24 12:29:14,779 - root - INFO - File already downloaded: q_g3pT8nac8.mp4
2024-01-24 12:29:16,699 - root - INFO - File already downloaded: BI62NlMa5V0.mp4
2024-01-24 12:29:18,059 - root - INFO - File already downloaded: X5w4N3pKnQw.mp4
2024-01-24 12:29:19,446 - root - INFO - File already downloaded: YgFyi74DVjc.mp4
2024-01-24 12:29:20,224 - root - ERROR - Error downloading video: D9AFMVMl9qE is unavailable
2024-01-24 12:29:22,191 - root - INFO - File already downloaded: fLexgOxsZu0.mp4
2024-01-24 12:29:23,761 - root - INFO - File already downloaded: tQmEd_UeeIk.mp4
2024-01-24 12:29:25,755 - root - INFO - File already downloaded: QzvGKas5RsU.mp4
2024-01-24 12:29:27,149 - root - INFO - File already downloaded: Vysgv7qVYTo.mp4
2024-01-24 12:29:28,868 - root - INFO - File already downloaded: we9jeU76Y9E.mp4
2024-01-24 12:29:30,440 - root - INFO - File already downloaded: uelHwf8o7_U.mp4
2024-01-24 12:29:31,875 - root - INFO - File already downloaded: uSD4vsh1zDA.mp4
2024-01-24 12:29:33,479 - root - INFO - File already downloaded: 7YSxb7lP78Y.mp4
2024-01-24 12:29:34,929 - root - INFO - File already downloaded: _Z5-P9v3F8w.mp4
2024-01-24 12:29:36,273 - my_app.youtube - INFO - Downloading video to /Users/martindavy/Downloads/videos/20110422/tZWr8X2OziU.mp4.
2024-01-24 12:29:37,321 - my_app.youtube - INFO - Video downloaded to /Users/martindavy/Downloads/videos/20110422/tZWr8X2OziU.mp4.
2024-01-24 12:29:39,036 - my_app.youtube - INFO - Downloading video to /Users/martindavy/Downloads/videos/20110422/_l09H-3zzgA.mp4.
2024-01-24 12:29:40,232 - my_app.youtube - INFO - Video downloaded to /Users/martindavy/Downloads/videos/20110422/_l09H-3zzgA.mp4.
2024-01-24 12:29:41,629 - my_app.youtube - INFO - Downloading video to /Users/martindavy/Downloads/videos/20110422/aSZVYZTze74.mp4.
2024-01-24 12:29:45,430 - my_app.youtube - INFO - Video downloaded to /Users/martindavy/Downloads/videos/20110422/aSZVYZTze74.mp4.
2024-01-24 12:29:46,886 - my_app.youtube - INFO - Downloading video to /Users/martindavy/Downloads/videos/20110422/-Edv8Onsrgg.mp4.
2024-01-24 12:29:52,338 - my_app.youtube - INFO - Video downloaded to /Users/martindavy/Downloads/videos/20110422/-Edv8Onsrgg.mp4.
2024-01-24 12:29:54,831 - my_app.youtube - INFO - Downloading video to /Users/martindavy/Downloads/videos/20110422/XjVNlG5cZyQ.mp4.
2024-01-24 12:29:55,980 - my_app.youtube - INFO - Video downloaded to /Users/martindavy/Downloads/videos/20110422/XjVNlG5cZyQ.mp4.
2024-01-24 12:29:57,507 - my_app.youtube - INFO - Downloading video to /Users/martindavy/Downloads/videos/20110422/2EaE0_gQLw0.mp4.
2024-01-24 12:29:58,269 - my_app.youtube - INFO - Video downloaded to /Users/martindavy/Downloads/videos/20110422/2EaE0_gQLw0.mp4.
2024-01-24 12:29:58,269 - root - INFO - Starting download.py
2024-01-24 12:29:58,270 - root - ERROR - Error getting playlist: get_last_friday() missing 1 required positional argument: 'date'
